<?xml version="1.0" encoding="UTF-8"?>
<testng-results skipped="0" failed="0" ignored="0" total="5" passed="5">
  <reporter-output>
  </reporter-output>
  <suite name="Default suite" duration-ms="147600" started-at="2018-09-02T17:07:50Z" finished-at="2018-09-02T17:10:18Z">
    <groups>
    </groups>
    <test name="Default test" duration-ms="147600" started-at="2018-09-02T17:07:50Z" finished-at="2018-09-02T17:10:18Z">
      <class name="com.amazon.testcases.AmazonMain">
        <test-method status="PASS" signature="beforeTest()[pri:0, instance:com.amazon.testcases.AmazonMain@1bce4f0a]" name="beforeTest" is-config="true" duration-ms="28854" started-at="2018-09-02T17:07:50Z" finished-at="2018-09-02T17:08:19Z">
          <reporter-output>
          </reporter-output>
        </test-method> <!-- beforeTest -->
        <test-method status="PASS" signature="login()[pri:0, instance:com.amazon.testcases.AmazonMain@1bce4f0a]" name="login" duration-ms="26794" started-at="2018-09-02T17:08:19Z" finished-at="2018-09-02T17:08:46Z">
          <reporter-output>
          </reporter-output>
        </test-method> <!-- login -->
        <test-method status="PASS" signature="proudctPage(java.lang.String)[pri:0, instance:com.amazon.testcases.AmazonMain@1bce4f0a]" name="proudctPage" duration-ms="24248" started-at="2018-09-02T17:08:46Z" data-provider="SearchProvider" depends-on-methods="com.amazon.testcases.AmazonMain.login" finished-at="2018-09-02T17:09:10Z">
          <params>
            <param index="0">
              <value>
                <![CDATA[Three Thousand Stitches: Ordinary People, Extraordinary Lives]]>
              </value>
            </param>
          </params>
          <reporter-output>
          </reporter-output>
        </test-method> <!-- proudctPage -->
        <test-method status="PASS" signature="proudctPage(java.lang.String)[pri:0, instance:com.amazon.testcases.AmazonMain@1bce4f0a]" name="proudctPage" duration-ms="15186" started-at="2018-09-02T17:09:10Z" data-provider="SearchProvider" depends-on-methods="com.amazon.testcases.AmazonMain.login" finished-at="2018-09-02T17:09:25Z">
          <params>
            <param index="0">
              <value>
                <![CDATA[The Dhoni Touch: Unravelling the Enigma That Is Mahendra Singh Dhoni]]>
              </value>
            </param>
          </params>
          <reporter-output>
          </reporter-output>
        </test-method> <!-- proudctPage -->
        <test-method status="PASS" signature="productDelete()[pri:0, instance:com.amazon.testcases.AmazonMain@1bce4f0a]" name="productDelete" duration-ms="9243" started-at="2018-09-02T17:09:25Z" depends-on-methods="com.amazon.testcases.AmazonMain.proudctPage" finished-at="2018-09-02T17:09:35Z">
          <reporter-output>
          </reporter-output>
        </test-method> <!-- productDelete -->
        <test-method status="PASS" signature="mousehover()[pri:0, instance:com.amazon.testcases.AmazonMain@1bce4f0a]" name="mousehover" duration-ms="42109" started-at="2018-09-02T17:09:35Z" depends-on-methods="com.amazon.testcases.AmazonMain.productDelete" finished-at="2018-09-02T17:10:17Z">
          <reporter-output>
          </reporter-output>
        </test-method> <!-- mousehover -->
        <test-method status="PASS" signature="afterTest()[pri:0, instance:com.amazon.testcases.AmazonMain@1bce4f0a]" name="afterTest" is-config="true" duration-ms="1083" started-at="2018-09-02T17:10:17Z" finished-at="2018-09-02T17:10:18Z">
          <reporter-output>
          </reporter-output>
        </test-method> <!-- afterTest -->
      </class> <!-- com.amazon.testcases.AmazonMain -->
    </test> <!-- Default test -->
  </suite> <!-- Default suite -->
</testng-results>
